{
  "TestName": "TestConcurrentAccountCreation",
  "CoyoteVersion": "1.7.10.0",
  "Settings": {
    "Strategy": "fair-delay-bounding",
    "StrategyBound": 0,
    "MaxFairSchedulingSteps": 100000,
    "MaxUnfairSchedulingSteps": 10000,
    "TimeoutDelay": 10,
    "DeadlockTimeout": 1000,
    "PortfolioMode": "fair",
    "IsLivenessCheckingEnabled": true,
    "LivenessTemperatureThreshold": 50000,
    "IsCollectionAccessRaceCheckingEnabled": true,
    "IsLockAccessRaceCheckingEnabled": true,
    "IsAtomicOperationRaceCheckingEnabled": true,
    "IsVolatileOperationRaceCheckingEnabled": true,
    "IsMemoryAccessRaceCheckingEnabled": false,
    "IsControlFlowRaceCheckingEnabled": false,
    "IsPartiallyControlledConcurrencyAllowed": true,
    "IsPartiallyControlledDataNondeterminismAllowed": true,
    "UncontrolledConcurrencyResolutionAttempts": 10,
    "UncontrolledConcurrencyResolutionDelay": 1000
  },
  "Steps": [
    "op(0:2654435832),sp(Create),next(0:2654435832)",
    "op(0:2654435832),int(1)",
    "op(0:2654435832),sp(Create),next(2:5364916925003925)",
    "op(2:5364916925003925),sp(Yield),next(0:2654435832)",
    "op(0:2654435832),sp(Pause),next(2:5364916925003925)",
    "op(2:5364916925003925),sp(Create),next(2:5364916925003925)",
    "op(2:5364916925003925),sp(Complete),next(1:175247760700)",
    "op(1:175247760700),sp(Default),next(1:175247760700)",
    "op(1:175247760700),sp(Create),next(1:175247760700)",
    "op(1:175247760700),sp(Complete),next(3:350036427803065534)",
    "op(3:350036427803065534),sp(Default),next(3:350036427803065534)",
    "op(3:350036427803065534),sp(Create),next(3:350036427803065534)",
    "op(3:350036427803065534),sp(Complete),next(4:11093819475081)",
    "op(4:11093819475081),sp(Default),next(4:11093819475081)",
    "op(4:11093819475081),sp(Complete),next(5:4377607150178975074)",
    "op(5:4377607150178975074),sp(Default),next(5:4377607150178975074)",
    "op(5:4377607150178975074),sp(Complete),next(0:2654435832)"
  ]
}